{"/Users/sunesimonsen/Code/chance-generators/lib/chance-generators.js":{"path":"/Users/sunesimonsen/Code/chance-generators/lib/chance-generators.js","s":{"1":1,"2":1,"3":1,"4":0,"5":0,"6":0,"7":0,"8":1,"9":7,"10":1,"11":6,"12":6,"13":1,"14":39,"15":1,"16":748,"17":748,"18":6,"19":5,"20":5,"21":1,"22":1,"23":6,"24":738,"25":738,"26":732,"27":12,"28":720,"29":35,"30":25,"31":10,"32":10,"33":13,"34":15,"35":9,"36":6,"37":6,"38":1},"b":{"1":[1,0],"2":[0,0],"3":[0,0],"4":[0,0],"5":[1,6],"6":[1,5],"7":[6,33],"8":[39,38],"9":[732,6],"10":[12,720],"11":[25,10],"12":[9,6]},"f":{"1":1,"2":1,"3":7,"4":39,"5":748,"6":5,"7":5,"8":1,"9":1,"10":738,"11":35,"12":13,"13":15},"fnMap":{"1":{"name":"(anonymous_1)","line":2,"loc":{"start":{"line":2,"column":1},"end":{"line":2,"column":26}}},"2":{"name":"(anonymous_2)","line":11,"loc":{"start":{"line":11,"column":9},"end":{"line":11,"column":27}}},"3":{"name":"ExtendedChance","line":12,"loc":{"start":{"line":12,"column":2},"end":{"line":12,"column":33}}},"4":{"name":"unwrap","line":22,"loc":{"start":{"line":22,"column":4},"end":{"line":22,"column":24}}},"5":{"name":"markGenerator","line":26,"loc":{"start":{"line":26,"column":4},"end":{"line":26,"column":31}}},"6":{"name":"(anonymous_6)","line":32,"loc":{"start":{"line":32,"column":9},"end":{"line":32,"column":37}}},"7":{"name":"(anonymous_7)","line":33,"loc":{"start":{"line":33,"column":29},"end":{"line":33,"column":41}}},"8":{"name":"(anonymous_8)","line":37,"loc":{"start":{"line":37,"column":14},"end":{"line":37,"column":51}}},"9":{"name":"(anonymous_9)","line":38,"loc":{"start":{"line":38,"column":29},"end":{"line":38,"column":41}}},"10":{"name":"(anonymous_10)","line":44,"loc":{"start":{"line":44,"column":42},"end":{"line":44,"column":57}}},"11":{"name":"(anonymous_11)","line":50,"loc":{"start":{"line":50,"column":36},"end":{"line":50,"column":48}}},"12":{"name":"(anonymous_12)","line":55,"loc":{"start":{"line":55,"column":35},"end":{"line":55,"column":47}}},"13":{"name":"(anonymous_13)","line":56,"loc":{"start":{"line":56,"column":55},"end":{"line":56,"column":71}}}},"statementMap":{"1":{"start":{"line":2,"column":0},"end":{"line":74,"column":2}},"2":{"start":{"line":3,"column":2},"end":{"line":10,"column":3}},"3":{"start":{"line":4,"column":4},"end":{"line":4,"column":47}},"4":{"start":{"line":5,"column":9},"end":{"line":10,"column":3}},"5":{"start":{"line":6,"column":4},"end":{"line":6,"column":31}},"6":{"start":{"line":8,"column":4},"end":{"line":8,"column":41}},"7":{"start":{"line":9,"column":4},"end":{"line":9,"column":58}},"8":{"start":{"line":12,"column":2},"end":{"line":71,"column":3}},"9":{"start":{"line":13,"column":4},"end":{"line":15,"column":5}},"10":{"start":{"line":14,"column":6},"end":{"line":14,"column":37}},"11":{"start":{"line":17,"column":4},"end":{"line":17,"column":19}},"12":{"start":{"line":18,"column":4},"end":{"line":20,"column":26}},"13":{"start":{"line":22,"column":4},"end":{"line":24,"column":5}},"14":{"start":{"line":23,"column":6},"end":{"line":23,"column":41}},"15":{"start":{"line":26,"column":4},"end":{"line":29,"column":5}},"16":{"start":{"line":27,"column":6},"end":{"line":27,"column":26}},"17":{"start":{"line":28,"column":6},"end":{"line":28,"column":14}},"18":{"start":{"line":31,"column":4},"end":{"line":42,"column":5}},"19":{"start":{"line":33,"column":8},"end":{"line":35,"column":10}},"20":{"start":{"line":34,"column":10},"end":{"line":34,"column":51}},"21":{"start":{"line":38,"column":8},"end":{"line":40,"column":10}},"22":{"start":{"line":39,"column":10},"end":{"line":39,"column":56}},"23":{"start":{"line":44,"column":4},"end":{"line":70,"column":6}},"24":{"start":{"line":45,"column":6},"end":{"line":45,"column":32}},"25":{"start":{"line":46,"column":6},"end":{"line":69,"column":7}},"26":{"start":{"line":47,"column":8},"end":{"line":66,"column":9}},"27":{"start":{"line":48,"column":10},"end":{"line":48,"column":51}},"28":{"start":{"line":50,"column":10},"end":{"line":65,"column":12}},"29":{"start":{"line":51,"column":12},"end":{"line":64,"column":13}},"30":{"start":{"line":52,"column":14},"end":{"line":52,"column":54}},"31":{"start":{"line":54,"column":14},"end":{"line":54,"column":62}},"32":{"start":{"line":55,"column":14},"end":{"line":63,"column":16}},"33":{"start":{"line":56,"column":16},"end":{"line":62,"column":19}},"34":{"start":{"line":57,"column":18},"end":{"line":61,"column":19}},"35":{"start":{"line":58,"column":20},"end":{"line":58,"column":43}},"36":{"start":{"line":60,"column":20},"end":{"line":60,"column":39}},"37":{"start":{"line":68,"column":8},"end":{"line":68,"column":28}},"38":{"start":{"line":73,"column":2},"end":{"line":73,"column":23}}},"branchMap":{"1":{"line":3,"type":"if","locations":[{"start":{"line":3,"column":2},"end":{"line":3,"column":2}},{"start":{"line":3,"column":2},"end":{"line":3,"column":2}}]},"2":{"line":5,"type":"if","locations":[{"start":{"line":5,"column":9},"end":{"line":5,"column":9}},{"start":{"line":5,"column":9},"end":{"line":5,"column":9}}]},"3":{"line":5,"type":"binary-expr","locations":[{"start":{"line":5,"column":13},"end":{"line":5,"column":41}},{"start":{"line":5,"column":45},"end":{"line":5,"column":55}}]},"4":{"line":8,"type":"binary-expr","locations":[{"start":{"line":8,"column":21},"end":{"line":8,"column":35}},{"start":{"line":8,"column":39},"end":{"line":8,"column":41}}]},"5":{"line":13,"type":"if","locations":[{"start":{"line":13,"column":4},"end":{"line":13,"column":4}},{"start":{"line":13,"column":4},"end":{"line":13,"column":4}}]},"6":{"line":18,"type":"cond-expr","locations":[{"start":{"line":19,"column":10},"end":{"line":19,"column":22}},{"start":{"line":20,"column":10},"end":{"line":20,"column":26}}]},"7":{"line":23,"type":"cond-expr","locations":[{"start":{"line":23,"column":34},"end":{"line":23,"column":37}},{"start":{"line":23,"column":40},"end":{"line":23,"column":41}}]},"8":{"line":23,"type":"binary-expr","locations":[{"start":{"line":23,"column":13},"end":{"line":23,"column":14}},{"start":{"line":23,"column":18},"end":{"line":23,"column":31}}]},"9":{"line":46,"type":"if","locations":[{"start":{"line":46,"column":6},"end":{"line":46,"column":6}},{"start":{"line":46,"column":6},"end":{"line":46,"column":6}}]},"10":{"line":47,"type":"if","locations":[{"start":{"line":47,"column":8},"end":{"line":47,"column":8}},{"start":{"line":47,"column":8},"end":{"line":47,"column":8}}]},"11":{"line":51,"type":"if","locations":[{"start":{"line":51,"column":12},"end":{"line":51,"column":12}},{"start":{"line":51,"column":12},"end":{"line":51,"column":12}}]},"12":{"line":57,"type":"if","locations":[{"start":{"line":57,"column":18},"end":{"line":57,"column":18}},{"start":{"line":57,"column":18},"end":{"line":57,"column":18}}]}}}}