TN:
SF:/Users/sunesimonsen/Code/chance-generators/lib/chance-generators.js
FN:2,(anonymous_1)
FN:11,(anonymous_2)
FN:12,ExtendedChance
FN:22,unwrap
FN:26,markGenerator
FN:32,(anonymous_6)
FN:33,(anonymous_7)
FN:37,(anonymous_8)
FN:38,(anonymous_9)
FN:44,(anonymous_10)
FN:50,(anonymous_11)
FN:55,(anonymous_12)
FN:56,(anonymous_13)
FNF:13
FNH:13
FNDA:1,(anonymous_1)
FNDA:1,(anonymous_2)
FNDA:7,ExtendedChance
FNDA:39,unwrap
FNDA:748,markGenerator
FNDA:5,(anonymous_6)
FNDA:5,(anonymous_7)
FNDA:1,(anonymous_8)
FNDA:1,(anonymous_9)
FNDA:738,(anonymous_10)
FNDA:35,(anonymous_11)
FNDA:13,(anonymous_12)
FNDA:15,(anonymous_13)
DA:2,1
DA:3,1
DA:4,1
DA:5,0
DA:6,0
DA:8,0
DA:9,0
DA:12,1
DA:13,7
DA:14,1
DA:17,6
DA:18,6
DA:22,1
DA:23,39
DA:26,1
DA:27,748
DA:28,748
DA:31,6
DA:33,5
DA:34,5
DA:38,1
DA:39,1
DA:44,6
DA:45,738
DA:46,738
DA:47,732
DA:48,12
DA:50,720
DA:51,35
DA:52,25
DA:54,10
DA:55,10
DA:56,13
DA:57,15
DA:58,9
DA:60,6
DA:68,6
DA:73,1
LF:38
LH:34
BRDA:3,1,0,1
BRDA:3,1,1,0
BRDA:5,2,0,0
BRDA:5,2,1,0
BRDA:5,3,0,0
BRDA:5,3,1,0
BRDA:8,4,0,0
BRDA:8,4,1,0
BRDA:13,5,0,1
BRDA:13,5,1,6
BRDA:18,6,0,1
BRDA:18,6,1,5
BRDA:23,7,0,6
BRDA:23,7,1,33
BRDA:23,8,0,39
BRDA:23,8,1,38
BRDA:46,9,0,732
BRDA:46,9,1,6
BRDA:47,10,0,12
BRDA:47,10,1,720
BRDA:51,11,0,25
BRDA:51,11,1,10
BRDA:57,12,0,9
BRDA:57,12,1,6
BRF:24
BRH:17
end_of_record
